mode: set
ci-cd/internal/runner/build.go:15.84,20.21 4 0
ci-cd/internal/runner/build.go:21.40,26.27 5 0
ci-cd/internal/runner/build.go:26.27,30.4 3 0
ci-cd/internal/runner/build.go:30.9,32.87 1 0
ci-cd/internal/runner/build.go:32.87,34.5 1 0
ci-cd/internal/runner/build.go:34.10,36.5 1 0
ci-cd/internal/runner/build.go:38.3,40.5 1 0
ci-cd/internal/runner/build.go:42.24,47.27 5 0
ci-cd/internal/runner/build.go:47.27,51.4 3 0
ci-cd/internal/runner/build.go:51.9,55.30 3 0
ci-cd/internal/runner/build.go:55.30,57.61 2 0
ci-cd/internal/runner/build.go:57.61,60.11 3 0
ci-cd/internal/runner/build.go:63.4,63.15 1 0
ci-cd/internal/runner/build.go:63.15,65.5 1 0
ci-cd/internal/runner/build.go:67.3,69.5 1 0
ci-cd/internal/runner/build.go:71.29,76.27 5 0
ci-cd/internal/runner/build.go:76.27,80.4 3 0
ci-cd/internal/runner/build.go:80.9,82.4 1 0
ci-cd/internal/runner/build.go:83.3,85.5 1 0
ci-cd/internal/runner/build.go:87.10,91.5 2 0
ci-cd/internal/runner/build.go:94.2,96.16 3 0
ci-cd/internal/runner/build.go:96.16,98.3 1 0
ci-cd/internal/runner/build.go:100.2,104.8 1 0
ci-cd/internal/runner/build.go:108.52,109.28 1 1
ci-cd/internal/runner/build.go:109.28,110.39 1 1
ci-cd/internal/runner/build.go:110.39,111.26 1 1
ci-cd/internal/runner/build.go:111.26,113.5 1 1
ci-cd/internal/runner/build.go:116.2,116.14 1 1
ci-cd/internal/runner/check.go:14.112,19.21 4 0
ci-cd/internal/runner/check.go:20.24,21.39 1 0
ci-cd/internal/runner/check.go:21.39,26.28 5 0
ci-cd/internal/runner/check.go:26.28,30.5 3 0
ci-cd/internal/runner/check.go:31.4,33.6 1 0
ci-cd/internal/runner/check.go:35.3,35.42 1 0
ci-cd/internal/runner/check.go:35.42,40.28 5 0
ci-cd/internal/runner/check.go:40.28,44.5 3 0
ci-cd/internal/runner/check.go:45.4,47.6 1 0
ci-cd/internal/runner/check.go:50.22,51.39 1 0
ci-cd/internal/runner/check.go:51.39,56.28 5 0
ci-cd/internal/runner/check.go:56.28,60.5 3 0
ci-cd/internal/runner/check.go:61.4,63.6 1 0
ci-cd/internal/runner/check.go:65.3,65.42 1 0
ci-cd/internal/runner/check.go:65.42,72.28 6 0
ci-cd/internal/runner/check.go:72.28,76.5 3 0
ci-cd/internal/runner/check.go:77.4,79.6 1 0
ci-cd/internal/runner/check.go:82.24,83.43 1 0
ci-cd/internal/runner/check.go:83.43,88.28 5 0
ci-cd/internal/runner/check.go:88.28,92.5 3 0
ci-cd/internal/runner/check.go:93.4,95.6 1 0
ci-cd/internal/runner/check.go:97.3,97.46 1 0
ci-cd/internal/runner/check.go:97.46,103.28 6 0
ci-cd/internal/runner/check.go:103.28,107.5 3 0
ci-cd/internal/runner/check.go:108.4,110.6 1 0
ci-cd/internal/runner/check.go:113.29,114.43 1 0
ci-cd/internal/runner/check.go:114.43,119.28 5 0
ci-cd/internal/runner/check.go:119.28,123.5 3 0
ci-cd/internal/runner/check.go:124.4,126.6 1 0
ci-cd/internal/runner/check.go:129.10,130.87 1 0
ci-cd/internal/runner/check.go:133.2,135.16 3 0
ci-cd/internal/runner/check.go:135.16,137.3 1 0
ci-cd/internal/runner/check.go:139.2,143.8 1 0
ci-cd/internal/runner/check.go:148.60,149.22 1 1
ci-cd/internal/runner/check.go:149.22,151.3 1 1
ci-cd/internal/runner/check.go:152.2,153.9 2 1
ci-cd/internal/runner/check.go:153.9,155.3 1 1
ci-cd/internal/runner/check.go:156.2,156.16 1 1
ci-cd/internal/runner/deploy.go:23.78,26.56 2 0
ci-cd/internal/runner/deploy.go:26.56,32.3 1 0
ci-cd/internal/runner/deploy.go:34.2,39.16 4 0
ci-cd/internal/runner/deploy.go:39.16,45.3 1 0
ci-cd/internal/runner/deploy.go:48.2,52.16 3 0
ci-cd/internal/runner/deploy.go:52.16,58.3 1 0
ci-cd/internal/runner/deploy.go:60.2,62.16 3 0
ci-cd/internal/runner/deploy.go:62.16,68.3 1 0
ci-cd/internal/runner/deploy.go:69.2,72.67 2 0
ci-cd/internal/runner/deploy.go:72.67,74.3 1 0
ci-cd/internal/runner/deploy.go:77.2,78.72 2 0
ci-cd/internal/runner/deploy.go:78.72,84.3 1 0
ci-cd/internal/runner/deploy.go:85.2,89.58 3 0
ci-cd/internal/runner/deploy.go:89.58,92.3 2 0
ci-cd/internal/runner/deploy.go:94.2,94.60 1 0
ci-cd/internal/runner/deploy.go:94.60,96.27 2 0
ci-cd/internal/runner/deploy.go:96.27,98.4 1 0
ci-cd/internal/runner/deploy.go:98.9,100.4 1 0
ci-cd/internal/runner/deploy.go:103.2,106.8 1 0
ci-cd/internal/runner/deploy.go:110.84,113.56 2 0
ci-cd/internal/runner/deploy.go:113.56,119.3 1 0
ci-cd/internal/runner/deploy.go:121.2,126.16 5 0
ci-cd/internal/runner/deploy.go:126.16,128.3 1 0
ci-cd/internal/runner/deploy.go:130.2,132.16 3 0
ci-cd/internal/runner/deploy.go:132.16,134.3 1 0
ci-cd/internal/runner/deploy.go:135.2,137.16 2 0
ci-cd/internal/runner/deploy.go:138.15,140.27 2 0
ci-cd/internal/runner/deploy.go:140.27,142.4 1 0
ci-cd/internal/runner/deploy.go:142.9,144.4 1 0
ci-cd/internal/runner/deploy.go:145.14,147.27 2 0
ci-cd/internal/runner/deploy.go:147.27,149.4 1 0
ci-cd/internal/runner/deploy.go:149.9,151.4 1 0
ci-cd/internal/runner/deploy.go:152.16,154.80 2 0
ci-cd/internal/runner/deploy.go:155.14,157.27 2 0
ci-cd/internal/runner/deploy.go:157.27,159.4 1 0
ci-cd/internal/runner/deploy.go:159.9,161.4 1 0
ci-cd/internal/runner/deploy.go:164.2,167.8 1 0
ci-cd/internal/runner/deploy.go:180.111,182.77 1 1
ci-cd/internal/runner/deploy.go:182.77,184.21 2 1
ci-cd/internal/runner/deploy.go:184.21,186.4 1 0
ci-cd/internal/runner/deploy.go:187.3,188.20 2 1
ci-cd/internal/runner/deploy.go:188.20,190.4 1 1
ci-cd/internal/runner/deploy.go:191.3,192.22 2 1
ci-cd/internal/runner/deploy.go:192.22,194.4 1 1
ci-cd/internal/runner/deploy.go:195.3,200.4 1 1
ci-cd/internal/runner/deploy.go:203.2,203.21 1 1
ci-cd/internal/runner/deploy.go:204.40,210.4 1 1
ci-cd/internal/runner/deploy.go:211.24,217.4 1 1
ci-cd/internal/runner/deploy.go:218.29,224.4 1 1
ci-cd/internal/runner/deploy.go:225.10,231.4 1 1
ci-cd/internal/runner/deploy.go:236.80,237.9 1 1
ci-cd/internal/runner/deploy.go:238.35,240.61 2 1
ci-cd/internal/runner/deploy.go:240.61,242.4 1 0
ci-cd/internal/runner/deploy.go:243.3,243.80 1 1
ci-cd/internal/runner/deploy.go:244.32,246.17 2 1
ci-cd/internal/runner/deploy.go:246.17,248.4 1 0
ci-cd/internal/runner/deploy.go:250.3,250.26 1 1
ci-cd/internal/runner/deploy.go:250.26,252.60 2 0
ci-cd/internal/runner/deploy.go:252.60,254.5 1 0
ci-cd/internal/runner/deploy.go:256.3,256.80 1 1
ci-cd/internal/runner/deploy.go:257.10,258.69 1 1
ci-cd/internal/runner/deploy.go:263.72,265.16 2 0
ci-cd/internal/runner/deploy.go:265.16,267.3 1 0
ci-cd/internal/runner/deploy.go:268.2,271.16 3 0
ci-cd/internal/runner/deploy.go:271.16,273.3 1 0
ci-cd/internal/runner/deploy.go:275.2,275.16 1 0
ci-cd/internal/runner/deploy.go:275.16,277.3 1 0
ci-cd/internal/runner/deploy.go:278.2,278.57 1 0
ci-cd/internal/runner/deploy.go:282.77,284.16 2 0
ci-cd/internal/runner/deploy.go:284.16,286.3 1 0
ci-cd/internal/runner/deploy.go:287.2,291.16 4 0
ci-cd/internal/runner/deploy.go:291.16,293.3 1 0
ci-cd/internal/runner/deploy.go:294.2,297.12 3 0
ci-cd/internal/runner/deploy.go:301.75,303.16 2 0
ci-cd/internal/runner/deploy.go:303.16,305.3 1 0
ci-cd/internal/runner/deploy.go:306.2,306.32 1 0
ci-cd/internal/runner/deploy.go:306.32,309.20 3 0
ci-cd/internal/runner/deploy.go:309.20,311.71 2 0
ci-cd/internal/runner/deploy.go:311.71,313.5 1 0
ci-cd/internal/runner/deploy.go:314.9,315.72 1 0
ci-cd/internal/runner/deploy.go:315.72,317.5 1 0
ci-cd/internal/runner/deploy.go:320.2,320.12 1 0
ci-cd/internal/runner/deploy.go:324.66,326.16 2 0
ci-cd/internal/runner/deploy.go:326.16,328.3 1 0
ci-cd/internal/runner/deploy.go:329.2,330.39 2 0
ci-cd/internal/runner/deploy.go:341.66,343.16 2 0
ci-cd/internal/runner/deploy.go:343.16,345.3 1 0
ci-cd/internal/runner/deploy.go:346.2,354.16 7 0
ci-cd/internal/runner/deploy.go:354.16,355.46 1 0
ci-cd/internal/runner/deploy.go:355.46,357.4 1 0
ci-cd/internal/runner/deploy.go:357.9,359.4 1 0
ci-cd/internal/runner/deploy.go:362.2,366.3 1 0
ci-cd/internal/runner/detect.go:33.56,36.51 2 1
ci-cd/internal/runner/detect.go:36.51,38.3 1 1
ci-cd/internal/runner/detect.go:41.2,42.51 2 1
ci-cd/internal/runner/detect.go:42.51,44.104 2 1
ci-cd/internal/runner/detect.go:44.104,46.4 1 1
ci-cd/internal/runner/detect.go:47.3,47.26 1 1
ci-cd/internal/runner/detect.go:51.2,51.60 1 1
ci-cd/internal/runner/detect.go:51.60,53.3 1 1
ci-cd/internal/runner/detect.go:56.2,56.58 1 1
ci-cd/internal/runner/detect.go:56.58,58.3 1 1
ci-cd/internal/runner/detect.go:61.2,61.54 1 1
ci-cd/internal/runner/detect.go:61.54,63.3 1 1
ci-cd/internal/runner/detect.go:65.2,65.27 1 1
ci-cd/internal/runner/detect.go:69.50,74.51 2 1
ci-cd/internal/runner/detect.go:74.51,76.3 1 1
ci-cd/internal/runner/detect.go:78.2,78.35 1 1
ci-cd/internal/runner/detect.go:78.35,82.3 3 1
ci-cd/internal/runner/detect.go:84.2,84.9 1 1
ci-cd/internal/runner/detect.go:85.23,86.26 1 1
ci-cd/internal/runner/detect.go:87.45,88.24 1 1
ci-cd/internal/runner/detect.go:89.31,90.28 1 1
ci-cd/internal/runner/detect.go:91.22,92.25 1 1
ci-cd/internal/runner/detect.go:93.10,94.25 1 1
ci-cd/internal/runner/detect.go:99.35,102.2 2 1
ci-cd/internal/runner/detect.go:105.41,106.11 1 1
ci-cd/internal/runner/detect.go:107.94,108.14 1 1
ci-cd/internal/runner/detect.go:109.10,110.15 1 1
ci-cd/internal/runner/detect.go:115.38,117.2 1 1
ci-cd/internal/runner/exec.go:23.87,33.16 8 1
ci-cd/internal/runner/exec.go:33.16,34.47 1 1
ci-cd/internal/runner/exec.go:34.47,36.4 1 1
ci-cd/internal/runner/exec.go:36.9,42.4 1 1
ci-cd/internal/runner/exec.go:45.2,49.3 1 1
ci-cd/internal/runner/exec.go:53.77,57.2 3 0
ci-cd/internal/runner/exec.go:60.77,63.48 2 1
ci-cd/internal/runner/exec.go:63.48,65.3 1 0
ci-cd/internal/runner/exec.go:66.2,66.51 1 1
ci-cd/internal/runner/exec.go:70.67,74.2 3 1
ci-cd/internal/runner/exec.go:77.77,79.48 2 0
ci-cd/internal/runner/exec.go:79.48,81.3 1 0
ci-cd/internal/runner/exec.go:82.2,82.51 1 0
ci-cd/internal/runner/exec.go:86.77,88.48 2 0
ci-cd/internal/runner/exec.go:88.48,90.3 1 0
ci-cd/internal/runner/exec.go:91.2,91.51 1 0
ci-cd/internal/runner/exec.go:95.77,97.48 2 1
ci-cd/internal/runner/exec.go:97.48,99.3 1 0
ci-cd/internal/runner/exec.go:100.2,100.51 1 1
ci-cd/internal/runner/exec.go:104.67,108.2 3 1
ci-cd/internal/runner/push.go:14.52,15.31 1 1
ci-cd/internal/runner/push.go:15.31,18.3 2 1
ci-cd/internal/runner/push.go:21.2,22.18 2 0
ci-cd/internal/runner/push.go:22.18,25.27 2 0
ci-cd/internal/runner/push.go:25.27,27.4 1 0
ci-cd/internal/runner/push.go:28.3,28.44 1 0
ci-cd/internal/runner/push.go:31.2,32.41 2 0
ci-cd/internal/runner/push.go:32.41,33.22 1 0
ci-cd/internal/runner/push.go:33.22,34.12 1 0
ci-cd/internal/runner/push.go:38.3,40.33 3 0
ci-cd/internal/runner/push.go:40.33,41.66 1 0
ci-cd/internal/runner/push.go:41.66,42.69 1 0
ci-cd/internal/runner/push.go:42.69,44.11 2 0
ci-cd/internal/runner/push.go:49.3,49.20 1 0
ci-cd/internal/runner/push.go:49.20,51.31 2 0
ci-cd/internal/runner/push.go:51.31,54.13 3 0
ci-cd/internal/runner/push.go:56.4,56.99 1 0
ci-cd/internal/runner/push.go:59.3,61.31 3 0
ci-cd/internal/runner/push.go:61.31,63.4 1 0
ci-cd/internal/runner/push.go:63.9,66.4 2 0
ci-cd/internal/runner/push.go:69.2,69.17 1 0
ci-cd/internal/runner/push.go:69.17,71.3 1 0
ci-cd/internal/runner/push.go:72.2,72.12 1 0
ci-cd/internal/runner/runner.go:69.97,72.25 2 0
ci-cd/internal/runner/runner.go:72.25,73.40 1 0
ci-cd/internal/runner/runner.go:73.40,75.4 1 0
ci-cd/internal/runner/runner.go:78.2,78.16 1 0
ci-cd/internal/runner/runner.go:79.23,80.50 1 0
ci-cd/internal/runner/runner.go:81.23,82.48 1 0
ci-cd/internal/runner/runner.go:83.21,84.32 1 0
ci-cd/internal/runner/runner.go:85.10,86.58 1 0
ci-cd/internal/runner/runner.go:91.94,98.16 4 0
ci-cd/internal/runner/runner.go:99.15,100.64 1 0
ci-cd/internal/runner/runner.go:101.15,102.52 1 0
ci-cd/internal/runner/runner.go:103.14,105.34 2 0
ci-cd/internal/runner/runner.go:105.34,108.4 2 0
ci-cd/internal/runner/runner.go:109.3,111.21 3 0
ci-cd/internal/runner/runner.go:112.10,119.45 1 0
ci-cd/internal/runner/runner.go:124.92,127.16 2 0
ci-cd/internal/runner/runner.go:128.16,129.43 1 0
ci-cd/internal/runner/runner.go:130.41,131.49 1 0
ci-cd/internal/runner/runner.go:132.10,139.51 1 0
ci-cd/internal/runner/runner.go:144.60,146.16 2 0
ci-cd/internal/runner/runner.go:146.16,154.3 1 0
ci-cd/internal/runner/runner.go:155.2,160.8 1 0
ci-cd/internal/runner/runner.go:164.53,165.25 1 0
ci-cd/internal/runner/runner.go:165.25,166.44 1 0
ci-cd/internal/runner/runner.go:166.44,171.69 2 0
ci-cd/internal/runner/runner.go:171.69,173.30 2 0
ci-cd/internal/runner/runner.go:173.30,175.6 1 0
ci-cd/internal/runner/runner.go:176.5,176.18 1 0
ci-cd/internal/runner/runner.go:180.2,180.12 1 0
ci-cd/internal/runner/runner.go:187.55,192.2 4 1
ci-cd/internal/runner/runner.go:195.55,200.2 4 1
ci-cd/internal/runner/runner.go:203.54,208.2 4 1
ci-cd/internal/runner/runner.go:211.44,213.16 2 1
ci-cd/internal/runner/runner.go:213.16,215.3 1 0
ci-cd/internal/runner/runner.go:216.2,216.29 1 1
ci-cd/internal/runner/runner.go:216.29,218.3 1 1
ci-cd/internal/runner/runner.go:219.2,219.12 1 1
ci-cd/internal/runner/runner.go:223.71,225.18 2 1
ci-cd/internal/runner/runner.go:225.18,227.3 1 1
ci-cd/internal/runner/runner.go:228.2,231.20 4 1
ci-cd/internal/runner/runner.go:235.45,239.2 3 0
ci-cd/internal/runner/runner.go:242.40,243.9 1 0
ci-cd/internal/runner/runner.go:244.36,245.54 1 0
ci-cd/internal/runner/runner.go:246.28,247.61 1 0
ci-cd/internal/runner/runner.go:248.10,249.51 1 0
ci-cd/internal/runner/runner.go:252.2,254.55 3 0
ci-cd/internal/runner/runner.go:254.55,256.3 1 0
ci-cd/internal/runner/runner.go:256.8,258.3 1 0
ci-cd/internal/runner/runner.go:262.60,283.2 9 1
ci-cd/internal/runner/runner.go:287.44,290.16 3 1
ci-cd/internal/runner/runner.go:290.16,292.3 1 0
ci-cd/internal/runner/runner.go:293.2,293.24 1 1
ci-cd/internal/runner/runner.go:293.24,295.3 1 1
ci-cd/internal/runner/runner.go:296.2,297.39 2 1
ci-cd/internal/runner/runner.go:297.39,299.3 1 1
ci-cd/internal/runner/runner.go:302.36,305.2 2 1
ci-cd/internal/runner/runner.go:307.31,310.2 2 1
ci-cd/internal/runner/runner.go:313.32,315.2 1 1
ci-cd/internal/runner/runner.go:318.45,321.51 2 1
ci-cd/internal/runner/runner.go:321.51,325.61 2 1
ci-cd/internal/runner/runner.go:325.61,327.4 1 1
ci-cd/internal/runner/runner.go:330.2,331.51 2 1
ci-cd/internal/runner/runner.go:331.51,333.59 2 1
ci-cd/internal/runner/runner.go:333.59,335.16 2 1
ci-cd/internal/runner/runner.go:335.16,337.5 1 1
ci-cd/internal/runner/runner.go:340.2,340.11 1 1
ci-cd/internal/runner/runner.go:344.55,346.86 2 0
ci-cd/internal/runner/runner.go:346.86,348.3 1 0
ci-cd/internal/runner/runner.go:349.2,349.81 1 0
ci-cd/internal/runner/runner.go:349.81,351.3 1 0
ci-cd/internal/runner/runner.go:352.2,352.8 1 0
ci-cd/internal/runner/runner.go:376.43,487.16 2 1
ci-cd/internal/runner/runner.go:488.16,491.22 3 1
ci-cd/internal/runner/runner.go:492.13,494.22 2 1
ci-cd/internal/runner/runner.go:495.10,497.27 2 1
ci-cd/internal/runner/runner.go:497.27,499.4 1 1
ci-cd/internal/runner/runner.go:500.3,500.16 1 1
ci-cd/internal/runner/test.go:17.96,20.21 2 0
ci-cd/internal/runner/test.go:21.40,22.58 1 0
ci-cd/internal/runner/test.go:23.24,24.42 1 0
ci-cd/internal/runner/test.go:25.29,26.47 1 0
ci-cd/internal/runner/test.go:27.10,32.14 2 0
ci-cd/internal/runner/test.go:37.113,40.16 3 0
ci-cd/internal/runner/test.go:40.16,42.3 1 0
ci-cd/internal/runner/test.go:44.2,50.35 3 0
ci-cd/internal/runner/test.go:50.35,54.3 3 0
ci-cd/internal/runner/test.go:56.2,65.14 7 0
ci-cd/internal/runner/test.go:65.14,74.20 6 0
ci-cd/internal/runner/test.go:74.20,76.4 1 0
ci-cd/internal/runner/test.go:79.3,80.55 2 0
ci-cd/internal/runner/test.go:80.55,82.4 1 0
ci-cd/internal/runner/test.go:83.8,83.19 1 0
ci-cd/internal/runner/test.go:83.19,91.20 6 0
ci-cd/internal/runner/test.go:91.20,93.4 1 0
ci-cd/internal/runner/test.go:94.8,99.3 3 0
ci-cd/internal/runner/test.go:101.2,104.40 3 0
ci-cd/internal/runner/test.go:104.40,106.3 1 0
ci-cd/internal/runner/test.go:106.8,106.26 1 0
ci-cd/internal/runner/test.go:106.26,109.3 1 0
ci-cd/internal/runner/test.go:112.2,112.66 1 0
ci-cd/internal/runner/test.go:112.66,114.3 1 0
ci-cd/internal/runner/test.go:116.2,119.17 1 0
ci-cd/internal/runner/test.go:123.85,134.57 6 0
ci-cd/internal/runner/test.go:134.57,135.33 1 0
ci-cd/internal/runner/test.go:135.33,136.110 1 0
ci-cd/internal/runner/test.go:136.110,137.13 1 0
ci-cd/internal/runner/test.go:139.4,140.18 2 0
ci-cd/internal/runner/test.go:140.18,141.13 1 0
ci-cd/internal/runner/test.go:143.4,143.38 1 0
ci-cd/internal/runner/test.go:148.2,149.59 2 0
ci-cd/internal/runner/test.go:149.59,151.3 1 0
ci-cd/internal/runner/test.go:154.2,154.22 1 0
ci-cd/internal/runner/test.go:154.22,156.3 1 0
ci-cd/internal/runner/test.go:158.2,159.47 2 0
ci-cd/internal/runner/test.go:159.47,161.3 1 0
ci-cd/internal/runner/test.go:161.8,161.33 1 0
ci-cd/internal/runner/test.go:161.33,163.3 1 0
ci-cd/internal/runner/test.go:165.2,168.17 1 0
ci-cd/internal/runner/test.go:172.90,183.16 6 0
ci-cd/internal/runner/test.go:183.16,185.3 1 0
ci-cd/internal/runner/test.go:186.2,186.32 1 0
ci-cd/internal/runner/test.go:186.32,187.21 1 0
ci-cd/internal/runner/test.go:187.21,188.12 1 0
ci-cd/internal/runner/test.go:190.3,191.71 2 0
ci-cd/internal/runner/test.go:191.71,192.12 1 0
ci-cd/internal/runner/test.go:194.3,195.61 2 0
ci-cd/internal/runner/test.go:195.61,196.40 1 0
ci-cd/internal/runner/test.go:196.40,197.120 1 0
ci-cd/internal/runner/test.go:197.120,198.14 1 0
ci-cd/internal/runner/test.go:200.5,201.19 2 0
ci-cd/internal/runner/test.go:201.19,202.14 1 0
ci-cd/internal/runner/test.go:204.5,204.39 1 0
ci-cd/internal/runner/test.go:210.2,210.22 1 0
ci-cd/internal/runner/test.go:210.22,212.3 1 0
ci-cd/internal/runner/test.go:214.2,215.47 2 0
ci-cd/internal/runner/test.go:215.47,217.3 1 0
ci-cd/internal/runner/test.go:217.8,217.33 1 0
ci-cd/internal/runner/test.go:217.33,219.3 1 0
ci-cd/internal/runner/test.go:221.2,224.17 1 0
ci-cd/internal/runner/test.go:246.46,248.57 2 1
ci-cd/internal/runner/test.go:248.57,250.3 1 1
ci-cd/internal/runner/test.go:252.2,259.38 2 1
ci-cd/internal/runner/test.go:259.38,260.44 1 1
ci-cd/internal/runner/test.go:260.44,261.28 1 1
ci-cd/internal/runner/test.go:261.28,263.59 2 1
ci-cd/internal/runner/test.go:263.59,265.6 1 1
ci-cd/internal/runner/test.go:266.5,267.35 2 1
ci-cd/internal/runner/test.go:267.35,269.6 1 1
ci-cd/internal/runner/test.go:270.5,272.7 1 1
ci-cd/internal/runner/test.go:277.2,277.15 1 1
ci-cd/internal/runner/test.go:297.44,299.57 2 1
ci-cd/internal/runner/test.go:299.57,301.3 1 1
ci-cd/internal/runner/test.go:303.2,310.38 2 1
ci-cd/internal/runner/test.go:310.38,311.44 1 1
ci-cd/internal/runner/test.go:311.44,312.28 1 1
ci-cd/internal/runner/test.go:312.28,314.59 2 1
ci-cd/internal/runner/test.go:314.59,316.6 1 0
ci-cd/internal/runner/test.go:317.5,318.35 2 1
ci-cd/internal/runner/test.go:318.35,320.6 1 1
ci-cd/internal/runner/test.go:321.5,323.7 1 1
ci-cd/internal/runner/test.go:328.2,328.15 1 1
ci-cd/internal/runner/test.go:352.56,354.49 2 1
ci-cd/internal/runner/test.go:354.49,356.3 1 1
ci-cd/internal/runner/test.go:357.2,361.34 4 1
ci-cd/internal/runner/test.go:361.34,362.43 1 1
ci-cd/internal/runner/test.go:362.43,364.25 2 1
ci-cd/internal/runner/test.go:364.25,366.5 1 1
ci-cd/internal/runner/test.go:366.10,366.30 1 1
ci-cd/internal/runner/test.go:366.30,368.5 1 1
ci-cd/internal/runner/test.go:369.4,371.6 1 1
ci-cd/internal/runner/test.go:387.41,389.48 2 1
ci-cd/internal/runner/test.go:389.48,391.3 1 1
ci-cd/internal/runner/test.go:392.2,392.31 1 1
ci-cd/internal/runner/test.go:392.31,393.23 1 1
ci-cd/internal/runner/test.go:393.23,395.17 2 1
ci-cd/internal/runner/test.go:395.17,398.5 2 1
ci-cd/internal/runner/test.go:401.2,401.11 1 1
ci-cd/internal/runner/test.go:414.47,416.49 2 1
ci-cd/internal/runner/test.go:416.49,418.3 1 1
ci-cd/internal/runner/test.go:419.2,419.49 1 1
ci-cd/internal/runner/test.go:424.50,427.39 2 1
ci-cd/internal/runner/test.go:427.39,429.56 2 1
ci-cd/internal/runner/test.go:429.56,432.19 2 1
ci-cd/internal/runner/test.go:432.19,434.5 1 1
ci-cd/internal/runner/test.go:435.4,435.15 1 0
ci-cd/internal/runner/test.go:438.2,438.11 1 1
ci-cd/internal/runner/test.go:442.56,448.2 1 1
